reports/org-jetbrains-kotlinx/1-7-0-to-1-11-0/run-26414765109/phase1/before/shared/build/outputs/logs/manifest-merger-release-report.txt
-- Merging decision tree log ---
manifest
ADDED from ProcessLibraryManifest/release/tempAndroidManifest9448695610338616274.xml:2:13-83
INJECTED from ProcessLibraryManifest/release/tempAndroidManifest9448695610338616274.xml:2:13-83
	package
		INJECTED from ProcessLibraryManifest/release/tempAndroidManifest9448695610338616274.xml
	xmlns:android
		ADDED from ProcessLibraryManifest/release/tempAndroidManifest9448695610338616274.xml:2:23-81
uses-sdk
INJECTED from ProcessLibraryManifest/release/tempAndroidManifest9448695610338616274.xml reason: use-sdk injection requested
INJECTED from ProcessLibraryManifest/release/tempAndroidManifest9448695610338616274.xml
INJECTED from ProcessLibraryManifest/release/tempAndroidManifest9448695610338616274.xml
	android:targetSdkVersion
		INJECTED from ProcessLibraryManifest/release/tempAndroidManifest9448695610338616274.xml
	android:minSdkVersion
		INJECTED from ProcessLibraryManifest/release/tempAndroidManifest9448695610338616274.xml